#
# There is insufficient memory for the Java Runtime Environment to continue.
# Native memory allocation (malloc) failed to allocate 1048576 bytes for AllocateHeap
# Possible reasons:
#   The system is out of physical RAM or swap space
#   The process is running with CompressedOops enabled, and the Java Heap may be blocking the growth of the native heap
# Possible solutions:
#   Reduce memory load on the system
#   Increase physical memory or swap space
#   Check if swap backing store is full
#   Decrease Java heap size (-Xmx/-Xms)
#   Decrease number of Java threads
#   Decrease Java thread stack sizes (-Xss)
#   Set larger code cache with -XX:ReservedCodeCacheSize=
#   JVM is running with Unscaled Compressed Oops mode in which the Java heap is
#     placed in the first 4GB address space. The Java Heap base address is the
#     maximum limit for the native heap growth. Please use -XX:HeapBaseMinAddress
#     to set the Java Heap base and to place the Java Heap above 4GB virtual address.
# This output file may be truncated or incomplete.
#
#  Out of Memory Error (memory/allocation.inline.hpp:61), pid=10160, tid=0x0000000000004138
#
# JRE version:  (8.0_212-b04) (build )
# Java VM: OpenJDK 64-Bit Server VM (25.212-b04 mixed mode windows-amd64 compressed oops)
# Failed to write core dump. Minidumps are not enabled by default on client versions of Windows
#

---------------  T H R E A D  ---------------

Current thread (0x0000000002b4d800):  JavaThread "Unknown thread" [_thread_in_vm, id=16696, stack(0x0000000002d40000,0x0000000002e40000)]

Stack: [0x0000000002d40000,0x0000000002e40000]
[error occurred during error reporting (printing stack bounds), id 0xc0000005]

Native frames: (J=compiled Java code, j=interpreted, Vv=VM code, C=native code)


---------------  P R O C E S S  ---------------

Java Threads: ( => current thread )

Other Threads:

=>0x0000000002b4d800 (exited) JavaThread "Unknown thread" [_thread_in_vm, id=16696, stack(0x0000000002d40000,0x0000000002e40000)]

VM state:not at safepoint (normal execution)

VM Mutex/Monitor currently owned by a thread: None

heap address: 0x00000000c1c00000, size: 996 MB, Compressed Oops mode: 32-bit
Narrow klass base: 0x0000000000000000, Narrow klass shift: 3
Compressed class space size: 1073741824 Address: 0x0000000100000000

Heap:
 PSYoungGen      total 18944K, used 327K [0x00000000eb400000, 0x00000000ec900000, 0x0000000100000000)
  eden space 16384K, 2% used [0x00000000eb400000,0x00000000eb451ec8,0x00000000ec400000)
  from space 2560K, 0% used [0x00000000ec680000,0x00000000ec680000,0x00000000ec900000)
  to   space 2560K, 0% used [0x00000000ec400000,0x00000000ec400000,0x00000000ec680000)
 ParOldGen       total 44032K, used 0K [0x00000000c1c00000, 0x00000000c4700000, 0x00000000eb400000)
  object space 44032K, 0% used [0x00000000c1c00000,0x00000000c1c00000,0x00000000c4700000)
 Metaspace       used 778K, capacity 4480K, committed 4480K, reserved 1056768K
  class space    used 74K, capacity 384K, committed 384K, reserved 1048576K

Card table byte_map: [0x0000000012300000,0x0000000012500000] byte_map_base: 0x0000000011cf2000

Marking Bits: (ParMarkBitMap*) 0x0000000067a49f30
 Begin Bits: [0x0000000012a50000, 0x00000000139e0000)
 End Bits:   [0x00000000139e0000, 0x0000000014970000)

Polling page: 0x0000000000e90000

CodeCache: size=245760Kb used=327Kb max_used=327Kb free=245432Kb
 bounds [0x0000000002f40000, 0x00000000031b0000, 0x0000000011f40000]
 total_blobs=56 nmethods=0 adapters=38
 compilation: enabled

Compilation events (0 events):
No events

GC Heap History (0 events):
No events

Deoptimization events (0 events):
No events

Classes redefined (0 events):
No events

Internal exceptions (0 events):
No events

Events (10 events):
Event: 0.160 loading class java/lang/Short
Event: 0.160 loading class java/lang/Short done
Event: 0.160 loading class java/lang/Integer
Event: 0.160 loading class java/lang/Integer done
Event: 0.160 loading class java/lang/Long
Event: 0.161 loading class java/lang/Long done
Event: 0.200 loading class java/lang/NullPointerException
Event: 0.200 loading class java/lang/NullPointerException done
Event: 0.200 loading class java/lang/ArithmeticException
Event: 0.200 loading class java/lang/ArithmeticException done


Dynamic libraries:
0x00007ff730760000 - 0x00007ff730791000 	D:\Android\Android Studio\jre\jre\bin\java.exe
0x00007ff97eea0000 - 0x00007ff97f090000 	C:\WINDOWS\SYSTEM32\ntdll.dll
0x00007ff97dfb0000 - 0x00007ff97e062000 	C:\WINDOWS\System32\KERNEL32.DLL
0x00007ff97cca0000 - 0x00007ff97cf43000 	C:\WINDOWS\System32\KERNELBASE.dll
0x00007ff97d490000 - 0x00007ff97d533000 	C:\WINDOWS\System32\ADVAPI32.dll
0x00007ff97cf50000 - 0x00007ff97cfee000 	C:\WINDOWS\System32\msvcrt.dll
0x00007ff97e140000 - 0x00007ff97e1d7000 	C:\WINDOWS\System32\sechost.dll
0x00007ff97d150000 - 0x00007ff97d270000 	C:\WINDOWS\System32\RPCRT4.dll
0x00007ff97e550000 - 0x00007ff97e6e4000 	C:\WINDOWS\System32\USER32.dll
0x00007ff97c490000 - 0x00007ff97c4b1000 	C:\WINDOWS\System32\win32u.dll
0x00007ff97db00000 - 0x00007ff97db26000 	C:\WINDOWS\System32\GDI32.dll
0x00007ff97be30000 - 0x00007ff97bfc4000 	C:\WINDOWS\System32\gdi32full.dll
0x00007ff97c3f0000 - 0x00007ff97c48e000 	C:\WINDOWS\System32\msvcp_win.dll
0x00007ff97bfd0000 - 0x00007ff97c0ca000 	C:\WINDOWS\System32\ucrtbase.dll
0x00007ff973b90000 - 0x00007ff973e15000 	C:\WINDOWS\WinSxS\amd64_microsoft.windows.common-controls_6595b64144ccf1df_6.0.18362.778_none_e6c6b761130d4fb8\COMCTL32.dll
0x00007ff97e210000 - 0x00007ff97e546000 	C:\WINDOWS\System32\combase.dll
0x00007ff97c250000 - 0x00007ff97c2d0000 	C:\WINDOWS\System32\bcryptPrimitives.dll
0x00007ff97e1e0000 - 0x00007ff97e20e000 	C:\WINDOWS\System32\IMM32.DLL
0x00000000670c0000 - 0x0000000067192000 	D:\Android\Android Studio\jre\jre\bin\msvcr100.dll
0x0000000067280000 - 0x0000000067ac6000 	D:\Android\Android Studio\jre\jre\bin\server\jvm.dll
0x00007ff97d540000 - 0x00007ff97d548000 	C:\WINDOWS\System32\PSAPI.DLL
0x00007ff9756f0000 - 0x00007ff9756f9000 	C:\WINDOWS\SYSTEM32\WSOCK32.dll
0x00007ff97df40000 - 0x00007ff97dfaf000 	C:\WINDOWS\System32\WS2_32.dll
0x00007ff972a90000 - 0x00007ff972ab4000 	C:\WINDOWS\SYSTEM32\WINMM.dll
0x00007ff973e30000 - 0x00007ff973e3a000 	C:\WINDOWS\SYSTEM32\VERSION.dll
0x00007ff972a60000 - 0x00007ff972a8d000 	C:\WINDOWS\SYSTEM32\WINMMBASE.dll
0x00007ff97c2f0000 - 0x00007ff97c33a000 	C:\WINDOWS\System32\cfgmgr32.dll
0x00007ff977e70000 - 0x00007ff977e7f000 	D:\Android\Android Studio\jre\jre\bin\verify.dll
0x00007ff96b4f0000 - 0x00007ff96b519000 	D:\Android\Android Studio\jre\jre\bin\java.dll
0x00007ff9763f0000 - 0x00007ff976406000 	D:\Android\Android Studio\jre\jre\bin\zip.dll

VM Arguments:
java_command: org.jetbrains.git4idea.http.GitAskPassApp Username for 'https://github.com': 
java_class_path (initial): D:/Android/Android Studio/plugins/git4idea/lib/git4idea-rt.jar;D:/Android/Android Studio/lib/xmlrpc-2.0.1.jar;D:/Android/Android Studio/lib/commons-codec-1.13.jar;D:/Android/Android Studio/lib/util.jar
Launcher Type: SUN_STANDARD

Environment Variables:
PATH=D:\Git\mingw64\libexec\git-core;D:\Git\mingw64\libexec\git-core;D:\Git\mingw64\bin;D:\Git\usr\bin;C:\Users\User\bin;C:\WINDOWS\system32;C:\WINDOWS;C:\WINDOWS\System32\Wbem;C:\WINDOWS\System32\WindowsPowerShell\v1.0;C:\WINDOWS\System32\OpenSSH;C:\Program Files\dotnet;D:\Git\cmd;C:\Users\User\AppData\Local\Microsoft\WindowsApps;D:\Microsoft VS Code\bin;C:\Users\User\.dotnet\tools
USERNAME=User
DISPLAY=:0.0
OS=Windows_NT
PROCESSOR_IDENTIFIER=Intel64 Family 6 Model 55 Stepping 8, GenuineIntel



---------------  S Y S T E M  ---------------

OS: Windows 10.0 , 64 bit Build 18362 (10.0.18362.778)

CPU:total 4 (initial active 4) (4 cores per cpu, 1 threads per core) family 6 model 55 stepping 8, cmov, cx8, fxsr, mmx, sse, sse2, sse3, ssse3, sse4.1, sse4.2, popcnt, clmul, erms, 3dnowpref, tsc, tscinvbit

Memory: 4k page, physical 4073680k(237224k free), swap 14241228k(5548k free)

vm_info: OpenJDK 64-Bit Server VM (25.212-b04) for windows-amd64 JRE (1.8.0_212-release-1586-b04), built by "builder" with MS VC++ 10.0 (VS2010)

time: Thu May 28 20:33:44 2020
timezone: RTZ 2 (зима)
elapsed time: 0 seconds (0d 0h 0m 0s)

